april-2024-mci-closed-case-report.pdf
april-2025-mci-closed-case-report.pdf
august-2023-mci-closed-case-report.pdf
august-2024-mci-closed-case-report.pdf
august-2025-mci-closed-case-report.pdf
december-2023-mci-closed-case-report.pdf
december-2024-mci-closed-case-report.pdf
february-2024-mci-closed-case-report.pdf
february-2025-mci-closed-case-report.pdf
january-2024-mci-closed-case-report.pdf
january-2025-mci-closed-case-report.pdf
july-2023-mci-closed-case-report.pdf
july-2024-mci-closed-case-report.pdf
july-2025-mci-closed-case-report.pdf
june-2023-mci-closed-case-report.pdf
june-2024-mci-closed-case-report.pdf
june-2025-mci-closed-case-report.pdf
march-2024-mci-closed-case-report.pdf
march-2025-mci-closed-case-report.pdf
may-2024-mci-closed-case-report.pdf
may-2025-mci-closed-case-report.pdf
november-2023-mci-closed-case-report.pdf
november-2024-mci-closed-case-report.pdf
october-2023-mci-closed-case-report.pdf
october-2024-mci-closed-case-report.pdf
october-2025-mci-closed-case-report.pdf
september-2023-mci-closed-case-report.pdf
september-2024-mci-closed-case-report.pdf
september-2025-mci-closed-case-report.pdf
december-2025-mci-closed-case-report.pdf
january-2026-mci-closed-case-report.pdf
november-2025-mci-closed-case-report.pdf
